{"timestamp":"2026-05-14T06:19:16.041Z","level":"info","message":"HTTP request completed","meta":{"method":"GET","path":"/evaluation-service/notifications","status":404,"durationMs":13,"clientIp":"::1","userAgent":"PostmanRuntime/7.54.0"}}
{"timestamp":"2026-05-14T06:19:58.443Z","level":"info","message":"HTTP request completed","meta":{"method":"GET","path":"/evaluation-service/depots","status":404,"durationMs":0,"clientIp":"::1","userAgent":"PostmanRuntime/7.54.0"}}
{"timestamp":"2026-05-14T06:21:12.870Z","level":"info","message":"HTTP request completed","meta":{"method":"GET","path":"/evaluation-service/depots","status":404,"durationMs":1,"clientIp":"::1","userAgent":"PostmanRuntime/7.54.0"}}
{"timestamp":"2026-05-14T06:21:27.418Z","level":"info","message":"HTTP request completed","meta":{"method":"GET","path":"/evaluation-service/depots","status":404,"durationMs":2,"clientIp":"::1","userAgent":"PostmanRuntime/7.54.0"}}
{"timestamp":"2026-05-14T06:42:30.719Z","level":"info","message":"HTTP request completed","meta":{"method":"GET","path":"/evaluation-service/notifications","status":404,"durationMs":13,"clientIp":"::1","userAgent":"PostmanRuntime/7.54.0"}}
{"timestamp":"2026-05-14T06:42:58.546Z","level":"info","message":"HTTP request completed","meta":{"method":"GET","path":"/evaluation-service/notifications","status":404,"durationMs":1,"clientIp":"::1","userAgent":"PostmanRuntime/7.54.0"}}
{"timestamp":"2026-05-14T06:43:00.533Z","level":"info","message":"HTTP request completed","meta":{"method":"GET","path":"/evaluation-service/notifications","status":404,"durationMs":0,"clientIp":"::1","userAgent":"PostmanRuntime/7.54.0"}}
{"timestamp":"2026-05-14T06:44:34.765Z","level":"info","message":"HTTP request completed","meta":{"method":"GET","path":"/notifications","status":200,"durationMs":10,"clientIp":"::1","userAgent":"PostmanRuntime/7.54.0"}}
{"timestamp":"2026-05-14T06:57:37.083Z","level":"info","message":"Connected to MongoDB","meta":{"uri":"mongodb+srv://ksonu05104:Sonu123@cluster0.wzzvwre.mongodb.net/notification_service"}}
{"timestamp":"2026-05-14T06:58:16.844Z","level":"info","message":"Connected to MongoDB","meta":{"uri":"mongodb+srv://ksonu05104:Sonu123@cluster0.wzzvwre.mongodb.net/notification_service"}}
{"timestamp":"2026-05-14T07:03:49.399Z","level":"info","message":"Connected to MongoDB","meta":{"uri":"mongodb+srv://ksonu05104:Sonu123@cluster0.wzzvwre.mongodb.net/notification_service"}}
{"timestamp":"2026-05-14T07:04:56.855Z","level":"info","message":"HTTP request completed","meta":{"method":"POST","path":"/notifications","status":201,"durationMs":84,"clientIp":"::1","userAgent":"PostmanRuntime/7.54.0"}}
{"timestamp":"2026-05-14T07:05:07.259Z","level":"info","message":"HTTP request completed","meta":{"method":"GET","path":"/notifications","status":200,"durationMs":66,"clientIp":"::1","userAgent":"PostmanRuntime/7.54.0"}}
{"timestamp":"2026-05-14T07:14:38.125Z","level":"info","message":"HTTP request completed","meta":{"method":"POST","path":"/notifications","status":201,"durationMs":89,"clientIp":"::1","userAgent":"PostmanRuntime/7.54.0"}}
{"timestamp":"2026-05-14T07:15:12.655Z","level":"info","message":"HTTP request completed","meta":{"method":"POST","path":"/notifications","status":201,"durationMs":64,"clientIp":"::1","userAgent":"PostmanRuntime/7.54.0"}}
{"timestamp":"2026-05-14T07:15:16.766Z","level":"info","message":"HTTP request completed","meta":{"method":"GET","path":"/notifications","status":200,"durationMs":63,"clientIp":"::1","userAgent":"PostmanRuntime/7.54.0"}}
{"timestamp":"2026-05-14T07:17:51.497Z","level":"info","message":"MongoDB connection closed","meta":{}}
{"timestamp":"2026-05-14T07:17:55.391Z","level":"info","message":"Connected to MongoDB","meta":{"uri":"mongodb+srv://ksonu05104:Sonu123@cluster0.wzzvwre.mongodb.net/notification_service"}}
{"timestamp":"2026-05-14T07:18:52.721Z","level":"info","message":"Connected to MongoDB","meta":{"uri":"mongodb+srv://ksonu05104:Sonu123@cluster0.wzzvwre.mongodb.net/notification_service"}}
{"timestamp":"2026-05-14T07:21:11.427Z","level":"info","message":"Connected to MongoDB","meta":{"uri":"mongodb+srv://ksonu05104:Sonu123@cluster0.wzzvwre.mongodb.net/notification_service"}}
{"timestamp":"2026-05-14T07:21:42.118Z","level":"info","message":"HTTP request completed","meta":{"method":"GET","path":"/","status":200,"durationMs":4,"clientIp":"::1","userAgent":"PostmanRuntime/7.54.0"}}
{"timestamp":"2026-05-14T07:21:56.524Z","level":"info","message":"HTTP request completed","meta":{"method":"GET","path":"/scheduler/depots","status":401,"durationMs":112,"clientIp":"::1","userAgent":"PostmanRuntime/7.54.0"}}
{"timestamp":"2026-05-14T07:24:31.419Z","level":"info","message":"HTTP request completed","meta":{"method":"GET","path":"/scheduler/depots","status":401,"durationMs":116,"clientIp":"::1","userAgent":"PostmanRuntime/7.54.0"}}
{"timestamp":"2026-05-14T07:26:06.317Z","level":"info","message":"HTTP request completed","meta":{"method":"GET","path":"/scheduler/depots","status":401,"durationMs":152,"clientIp":"::1","userAgent":"PostmanRuntime/7.54.0"}}
{"timestamp":"2026-05-14T07:29:51.772Z","level":"info","message":"MongoDB connection closed","meta":{}}
{"timestamp":"2026-05-14T07:29:57.514Z","level":"info","message":"Connected to MongoDB","meta":{"uri":"mongodb+srv://ksonu05104:Sonu123@cluster0.wzzvwre.mongodb.net/notification_service"}}
{"timestamp":"2026-05-14T07:34:58.582Z","level":"info","message":"MongoDB connection closed","meta":{}}
{"timestamp":"2026-05-14T07:37:12.966Z","level":"info","message":"Connected to MongoDB","meta":{"uri":"mongodb+srv://ksonu05104:Sonu123@cluster0.wzzvwre.mongodb.net/notification_service"}}
{"timestamp":"2026-05-14T07:37:21.727Z","level":"info","message":"HTTP GET /scheduler/depots 401 - 125ms","meta":{"stack":"backend","package":"route","payload":{"stack":"backend","level":"info","package":"route","message":"HTTP GET /scheduler/depots 401 - 125ms"}}}
{"timestamp":"2026-05-14T07:37:21.728Z","level":"info","message":"HTTP request completed","meta":{"method":"GET","path":"/scheduler/depots","status":401,"durationMs":125,"clientIp":"::1","userAgent":"PostmanRuntime/7.54.0"}}
{"timestamp":"2026-05-14T07:37:27.555Z","level":"info","message":"HTTP GET /depots 404 - 2ms","meta":{"stack":"backend","package":"route","payload":{"stack":"backend","level":"info","package":"route","message":"HTTP GET /depots 404 - 2ms"}}}
{"timestamp":"2026-05-14T07:37:27.557Z","level":"info","message":"HTTP request completed","meta":{"method":"GET","path":"/depots","status":404,"durationMs":2,"clientIp":"::1","userAgent":"PostmanRuntime/7.54.0"}}
{"timestamp":"2026-05-14T07:37:40.850Z","level":"info","message":"HTTP GET /scheduler/depots 401 - 58ms","meta":{"stack":"backend","package":"route","payload":{"stack":"backend","level":"info","package":"route","message":"HTTP GET /scheduler/depots 401 - 58ms"}}}
{"timestamp":"2026-05-14T07:37:40.852Z","level":"info","message":"HTTP request completed","meta":{"method":"GET","path":"/scheduler/depots","status":401,"durationMs":58,"clientIp":"::1","userAgent":"PostmanRuntime/7.54.0"}}
{"timestamp":"2026-05-14T07:40:35.468Z","level":"info","message":"MongoDB connection closed","meta":{}}
